<?xml version="1.0" encoding="UTF-8"?>
<testng-results ignored="0" total="1" passed="1" failed="0" skipped="0">
  <reporter-output>
  </reporter-output>
  <suite started-at="2024-11-10T14:47:48 CST" name="Default suite" finished-at="2024-11-10T14:47:58 CST" duration-ms="10529">
    <groups>
      <group name="cucumber">
        <method signature="AbstractTestNGCucumberTests.runScenario(io.cucumber.testng.PickleWrapper,io.cucumber.testng.FeatureWrapper)[pri:0, instance:runner.TestRunner@6a2f6f80]" name="runScenario" class="io.cucumber.testng.AbstractTestNGCucumberTests"/>
      </group> <!-- cucumber -->
    </groups>
    <test started-at="2024-11-10T14:47:48 CST" name="Default test" finished-at="2024-11-10T14:47:58 CST" duration-ms="10529">
      <class name="runner.TestRunner">
        <test-method is-config="true" signature="setUpClass(org.testng.ITestContext)[pri:0, instance:runner.TestRunner@6a2f6f80]" started-at="2024-11-10T14:47:48 CST" name="setUpClass" finished-at="2024-11-10T14:47:49 CST" duration-ms="870" status="PASS">
          <params>
            <param index="0">
              <value>
                <![CDATA[org.testng.TestRunner@5af28b27]]>
              </value>
            </param>
          </params>
          <reporter-output>
          </reporter-output>
        </test-method> <!-- setUpClass -->
        <test-method signature="runScenario(io.cucumber.testng.PickleWrapper,io.cucumber.testng.FeatureWrapper)[pri:0, instance:runner.TestRunner@6a2f6f80]" started-at="2024-11-10T14:47:49 CST" name="runScenario" description="Runs Cucumber Scenarios" data-provider="scenarios" finished-at="2024-11-10T14:47:58 CST" duration-ms="9517" status="PASS">
          <params>
            <param index="0">
              <value>
                <![CDATA["Open the url tutorialninja.com"]]>
              </value>
            </param>
            <param index="1">
              <value>
                <![CDATA["Launch application tutorialninja.com"]]>
              </value>
            </param>
          </params>
          <reporter-output>
          </reporter-output>
        </test-method> <!-- runScenario -->
        <test-method is-config="true" signature="tearDownClass()[pri:0, instance:runner.TestRunner@6a2f6f80]" started-at="2024-11-10T14:47:58 CST" name="tearDownClass" finished-at="2024-11-10T14:47:58 CST" duration-ms="45" status="PASS">
          <reporter-output>
          </reporter-output>
        </test-method> <!-- tearDownClass -->
      </class> <!-- runner.TestRunner -->
    </test> <!-- Default test -->
  </suite> <!-- Default suite -->
</testng-results>
